{"D:\\Applications\\Yettel\\API project Node js\\DBBroker.js": {"path":"D:\\Applications\\Yettel\\API project Node js\\DBBroker.js","statementMap":{"0":{"start":{"line":1,"column":22},"end":{"line":1,"column":42}},"1":{"start":{"line":2,"column":18},"end":{"line":8,"column":2}},"2":{"start":{"line":17,"column":0},"end":{"line":17,"column":27}}},"fnMap":{},"branchMap":{},"s":{"0":4,"1":4,"2":4},"f":{},"b":{},"_coverageSchema":"1a1c01bbd47fc00a2c39e90264f33305004495a9","hash":"04b44bc4c0a0057d23b414e6a9c43a9c3792788f"}
,"D:\\Applications\\Yettel\\API project Node js\\models\\Task.js": {"path":"D:\\Applications\\Yettel\\API project Node js\\models\\Task.js","statementMap":{"0":{"start":{"line":1,"column":32},"end":{"line":1,"column":52}},"1":{"start":{"line":2,"column":18},"end":{"line":2,"column":40}},"2":{"start":{"line":4,"column":14},"end":{"line":35,"column":1}},"3":{"start":{"line":37,"column":0},"end":{"line":37,"column":22}}},"fnMap":{},"branchMap":{},"s":{"0":4,"1":4,"2":4,"3":4},"f":{},"b":{},"_coverageSchema":"1a1c01bbd47fc00a2c39e90264f33305004495a9","hash":"f1595ac517e0c28aae4a73af0183229d56f05937"}
,"D:\\Applications\\Yettel\\API project Node js\\models\\User.js": {"path":"D:\\Applications\\Yettel\\API project Node js\\models\\User.js","statementMap":{"0":{"start":{"line":1,"column":22},"end":{"line":1,"column":42}},"1":{"start":{"line":2,"column":18},"end":{"line":2,"column":40}},"2":{"start":{"line":3,"column":13},"end":{"line":3,"column":30}},"3":{"start":{"line":5,"column":13},"end":{"line":46,"column":1}},"4":{"start":{"line":48,"column":0},"end":{"line":53,"column":2}},"5":{"start":{"line":54,"column":0},"end":{"line":59,"column":2}},"6":{"start":{"line":61,"column":0},"end":{"line":61,"column":22}}},"fnMap":{},"branchMap":{},"s":{"0":1,"1":1,"2":1,"3":1,"4":1,"5":1,"6":1},"f":{},"b":{},"_coverageSchema":"1a1c01bbd47fc00a2c39e90264f33305004495a9","hash":"29c5afbe1bb9cdb3f81798f2ebde5bb1c64a7d61"}
,"D:\\Applications\\Yettel\\API project Node js\\services\\AdminTaskService.js": {"path":"D:\\Applications\\Yettel\\API project Node js\\services\\AdminTaskService.js","statementMap":{"0":{"start":{"line":1,"column":13},"end":{"line":1,"column":38}},"1":{"start":{"line":2,"column":13},"end":{"line":2,"column":38}},"2":{"start":{"line":5,"column":4},"end":{"line":19,"column":12}},"3":{"start":{"line":23,"column":26},"end":{"line":33,"column":10}},"4":{"start":{"line":34,"column":4},"end":{"line":37,"column":67}},"5":{"start":{"line":35,"column":8},"end":{"line":35,"column":18}},"6":{"start":{"line":37,"column":8},"end":{"line":37,"column":67}},"7":{"start":{"line":41,"column":20},"end":{"line":41,"column":57}},"8":{"start":{"line":42,"column":4},"end":{"line":45,"column":67}},"9":{"start":{"line":43,"column":8},"end":{"line":43,"column":18}},"10":{"start":{"line":45,"column":8},"end":{"line":45,"column":67}},"11":{"start":{"line":47,"column":0},"end":{"line":47,"column":55}}},"fnMap":{"0":{"name":"all_tasks","decl":{"start":{"line":4,"column":15},"end":{"line":4,"column":24}},"loc":{"start":{"line":4,"column":36},"end":{"line":20,"column":1}},"line":4},"1":{"name":"update_task","decl":{"start":{"line":22,"column":15},"end":{"line":22,"column":26}},"loc":{"start":{"line":22,"column":35},"end":{"line":38,"column":1}},"line":22},"2":{"name":"delete_task","decl":{"start":{"line":40,"column":15},"end":{"line":40,"column":26}},"loc":{"start":{"line":40,"column":30},"end":{"line":46,"column":1}},"line":40}},"branchMap":{"0":{"loc":{"start":{"line":34,"column":4},"end":{"line":37,"column":67}},"type":"if","locations":[{"start":{"line":34,"column":4},"end":{"line":37,"column":67}},{"start":{"line":37,"column":8},"end":{"line":37,"column":67}}],"line":34},"1":{"loc":{"start":{"line":42,"column":4},"end":{"line":45,"column":67}},"type":"if","locations":[{"start":{"line":42,"column":4},"end":{"line":45,"column":67}},{"start":{"line":45,"column":8},"end":{"line":45,"column":67}}],"line":42}},"s":{"0":1,"1":1,"2":1,"3":1,"4":1,"5":1,"6":0,"7":2,"8":2,"9":2,"10":0,"11":1},"f":{"0":1,"1":1,"2":2},"b":{"0":[1,0],"1":[2,0]},"_coverageSchema":"1a1c01bbd47fc00a2c39e90264f33305004495a9","hash":"5f3a394cfaf62527f744e08cbda37cb1f1c36928"}
,"D:\\Applications\\Yettel\\API project Node js\\services\\UserTaskService.js": {"path":"D:\\Applications\\Yettel\\API project Node js\\services\\UserTaskService.js","statementMap":{"0":{"start":{"line":1,"column":13},"end":{"line":1,"column":38}},"1":{"start":{"line":4,"column":26},"end":{"line":4,"column":94}},"2":{"start":{"line":5,"column":4},"end":{"line":5,"column":26}},"3":{"start":{"line":9,"column":25},"end":{"line":9,"column":75}},"4":{"start":{"line":10,"column":4},"end":{"line":13,"column":49}},"5":{"start":{"line":11,"column":8},"end":{"line":11,"column":18}},"6":{"start":{"line":13,"column":8},"end":{"line":13,"column":49}},"7":{"start":{"line":17,"column":4},"end":{"line":25,"column":12}},"8":{"start":{"line":27,"column":0},"end":{"line":27,"column":54}}},"fnMap":{"0":{"name":"create_task","decl":{"start":{"line":3,"column":15},"end":{"line":3,"column":26}},"loc":{"start":{"line":3,"column":39},"end":{"line":6,"column":1}},"line":3},"1":{"name":"update_task","decl":{"start":{"line":8,"column":15},"end":{"line":8,"column":26}},"loc":{"start":{"line":8,"column":38},"end":{"line":14,"column":1}},"line":8},"2":{"name":"all_tasks","decl":{"start":{"line":16,"column":15},"end":{"line":16,"column":24}},"loc":{"start":{"line":16,"column":41},"end":{"line":26,"column":1}},"line":16}},"branchMap":{"0":{"loc":{"start":{"line":10,"column":4},"end":{"line":13,"column":49}},"type":"if","locations":[{"start":{"line":10,"column":4},"end":{"line":13,"column":49}},{"start":{"line":13,"column":8},"end":{"line":13,"column":49}}],"line":10}},"s":{"0":1,"1":1,"2":1,"3":2,"4":2,"5":1,"6":1,"7":1,"8":1},"f":{"0":1,"1":2,"2":1},"b":{"0":[1,1]},"_coverageSchema":"1a1c01bbd47fc00a2c39e90264f33305004495a9","hash":"511938646aa84ccbc2f28bb664f793cacfe30d49"}
}
