TN:
SF:DBBroker.js
FNF:0
FNH:0
DA:1,4
DA:2,4
DA:17,4
LF:3
LH:3
BRF:0
BRH:0
end_of_record
TN:
SF:models\Task.js
FNF:0
FNH:0
DA:1,4
DA:2,4
DA:4,4
DA:37,4
LF:4
LH:4
BRF:0
BRH:0
end_of_record
TN:
SF:models\User.js
FNF:0
FNH:0
DA:1,1
DA:2,1
DA:3,1
DA:5,1
DA:48,1
DA:54,1
DA:61,1
LF:7
LH:7
BRF:0
BRH:0
end_of_record
TN:
SF:services\AdminTaskService.js
FN:4,all_tasks
FN:22,update_task
FN:40,delete_task
FNF:3
FNH:3
FNDA:1,all_tasks
FNDA:1,update_task
FNDA:2,delete_task
DA:1,1
DA:2,1
DA:5,1
DA:23,1
DA:34,1
DA:35,1
DA:37,0
DA:41,2
DA:42,2
DA:43,2
DA:45,0
DA:47,1
LF:12
LH:10
BRDA:34,0,0,1
BRDA:34,0,1,0
BRDA:42,1,0,2
BRDA:42,1,1,0
BRF:4
BRH:2
end_of_record
TN:
SF:services\UserTaskService.js
FN:3,create_task
FN:8,update_task
FN:16,all_tasks
FNF:3
FNH:3
FNDA:1,create_task
FNDA:2,update_task
FNDA:1,all_tasks
DA:1,1
DA:4,1
DA:5,1
DA:9,2
DA:10,2
DA:11,1
DA:13,1
DA:17,1
DA:27,1
LF:9
LH:9
BRDA:10,0,0,1
BRDA:10,0,1,1
BRF:2
BRH:2
end_of_record
